<?xml version="1.0" encoding="UTF-8"?>
<!-- Generated by org.testng.reporters.JUnitXMLReporter -->
<testsuite hostname="DESKTOP-U77UHNF" name="Default test" tests="3" failures="0" timestamp="15 Jun 2018 14:49:01 GMT" time="38.613" errors="0">
  <testcase name="login" time="14.649" classname="learningTestNG.Vult_TestCases"/>
  <testcase name="navigateTOUserTab" time="7.302" classname="learningTestNG.Vult_TestCases"/>
  <testcase name="createUser" time="5.726" classname="learningTestNG.Vult_TestCases"/>
</testsuite> <!-- Default test -->
