<?xml version="1.0" encoding="UTF-8"?>
<!-- Generated by org.testng.reporters.JUnitXMLReporter -->
<testsuite hostname="DESKTOP-U77UHNF" name="Test" tests="4" failures="0" timestamp="16 Jun 2018 18:10:12 GMT" time="87.931" errors="0">
  <testcase name="login" time="25.482" classname="learningTestNG.Vult_TestCases"/>
  <testcase name="navigateTOUserTab" time="6.755" classname="learningTestNG.Vult_TestCases"/>
  <testcase name="createUser" time="32.801" classname="learningTestNG.Vult_TestCases"/>
  <testcase name="createUser" time="8.188" classname="learningTestNG.Vult_TestCases"/>
</testsuite> <!-- Test -->
