<?xml version="1.0" encoding="UTF-8"?>
<!-- Generated by org.testng.reporters.JUnitXMLReporter -->
<testsuite hostname="DESKTOP-U77UHNF" name="Test" tests="4" failures="0" timestamp="26 Jun 2018 03:13:08 GMT" time="38.298" errors="0">
  <testcase name="login" time="16.33" classname="learningTestNG.Project_Vultus"/>
  <testcase name="navigateTOProjectTab" time="8.886" classname="learningTestNG.Project_Vultus"/>
  <testcase name="createProject" time="2.518" classname="learningTestNG.Project_Vultus"/>
  <testcase name="createProject" time="0.021" classname="learningTestNG.Project_Vultus"/>
</testsuite> <!-- Test -->
