<?xml version="1.0" encoding="UTF-8"?>
<testng-results skipped="0" failed="0" total="1" passed="1">
  <reporter-output>
  </reporter-output>
  <suite name="Suite" duration-ms="11486" started-at="2018-06-11T02:17:17Z" finished-at="2018-06-11T02:17:29Z">
    <groups>
    </groups>
    <test name="Test" duration-ms="11486" started-at="2018-06-11T02:17:17Z" finished-at="2018-06-11T02:17:29Z">
      <class name="learningTestNG.Login_Test">
        <test-method status="PASS" signature="beforeTest()[pri:0, instance:learningTestNG.Login_Test@3ac3fd8b]" name="beforeTest" is-config="true" duration-ms="7153" started-at="2018-06-11T07:47:17Z" finished-at="2018-06-11T07:47:25Z">
          <reporter-output>
          </reporter-output>
        </test-method> <!-- beforeTest -->
        <test-method status="PASS" signature="login(java.lang.String, java.lang.String)[pri:0, instance:learningTestNG.Login_Test@3ac3fd8b]" name="login" duration-ms="4316" started-at="2018-06-11T07:47:25Z" finished-at="2018-06-11T07:47:29Z">
          <params>
            <param index="0">
              <value>
                <![CDATA[mngr137079]]>
              </value>
            </param>
            <param index="1">
              <value>
                <![CDATA[zatyvyb]]>
              </value>
            </param>
          </params>
          <reporter-output>
          </reporter-output>
        </test-method> <!-- login -->
      </class> <!-- learningTestNG.Login_Test -->
    </test> <!-- Test -->
  </suite> <!-- Suite -->
</testng-results>
