<?xml version="1.0" encoding="UTF-8"?>
<testng-results skipped="0" failed="0" total="4" passed="4">
  <reporter-output>
  </reporter-output>
  <suite name="Suite" duration-ms="87931" started-at="2018-06-16T18:08:44Z" finished-at="2018-06-16T18:10:12Z">
    <groups>
    </groups>
    <test name="Test" duration-ms="87931" started-at="2018-06-16T18:08:44Z" finished-at="2018-06-16T18:10:12Z">
      <class name="learningTestNG.Vult_TestCases">
        <test-method status="PASS" signature="initalizeDriver()[pri:0, instance:learningTestNG.Vult_TestCases@523884b2]" name="initalizeDriver" is-config="true" duration-ms="13606" started-at="2018-06-16T23:38:44Z" finished-at="2018-06-16T23:38:57Z">
          <reporter-output>
          </reporter-output>
        </test-method> <!-- initalizeDriver -->
        <test-method status="PASS" signature="login()[pri:0, instance:learningTestNG.Vult_TestCases@523884b2]" name="login" duration-ms="25482" started-at="2018-06-16T23:38:57Z" finished-at="2018-06-16T23:39:23Z">
          <reporter-output>
          </reporter-output>
        </test-method> <!-- login -->
        <test-method status="PASS" signature="navigateTOUserTab()[pri:0, instance:learningTestNG.Vult_TestCases@523884b2]" name="navigateTOUserTab" duration-ms="6755" started-at="2018-06-16T23:39:23Z" finished-at="2018-06-16T23:39:29Z">
          <reporter-output>
          </reporter-output>
        </test-method> <!-- navigateTOUserTab -->
        <test-method status="PASS" signature="createUser(java.lang.String, java.lang.String, java.lang.String, java.lang.String, java.lang.String, java.lang.String, java.lang.String, java.lang.String, java.lang.String, java.lang.String)[pri:0, instance:learningTestNG.Vult_TestCases@523884b2]" name="createUser" duration-ms="32801" started-at="2018-06-16T23:39:31Z" data-provider="testdata" finished-at="2018-06-16T23:40:03Z">
          <params>
            <param index="0">
              <value>
                <![CDATA[Gtest1]]>
              </value>
            </param>
            <param index="1">
              <value>
                <![CDATA[Gtest2]]>
              </value>
            </param>
            <param index="2">
              <value>
                <![CDATA[Consultant]]>
              </value>
            </param>
            <param index="3">
              <value>
                <![CDATA[gtest.1@gmail.com]]>
              </value>
            </param>
            <param index="4">
              <value>
                <![CDATA[gtest.1@gmail.com]]>
              </value>
            </param>
            <param index="5">
              <value>
                <![CDATA[Hyd]]>
              </value>
            </param>
            <param index="6">
              <value>
                <![CDATA[Arizona [AZ]]]>
              </value>
            </param>
            <param index="7">
              <value>
                <![CDATA[Tel]]>
              </value>
            </param>
            <param index="8">
              <value>
                <![CDATA[524366]]>
              </value>
            </param>
            <param index="9">
              <value>
                <![CDATA[01/21/2018]]>
              </value>
            </param>
          </params>
          <reporter-output>
          </reporter-output>
        </test-method> <!-- createUser -->
        <test-method status="PASS" signature="createUser(java.lang.String, java.lang.String, java.lang.String, java.lang.String, java.lang.String, java.lang.String, java.lang.String, java.lang.String, java.lang.String, java.lang.String)[pri:0, instance:learningTestNG.Vult_TestCases@523884b2]" name="createUser" duration-ms="8188" started-at="2018-06-16T23:40:03Z" data-provider="testdata" finished-at="2018-06-16T23:40:12Z">
          <params>
            <param index="0">
              <value>
                <![CDATA[Gtest1]]>
              </value>
            </param>
            <param index="1">
              <value>
                <![CDATA[Gtest2]]>
              </value>
            </param>
            <param index="2">
              <value>
                <![CDATA[Consultant]]>
              </value>
            </param>
            <param index="3">
              <value>
                <![CDATA[g.test1@gmail.com]]>
              </value>
            </param>
            <param index="4">
              <value>
                <![CDATA[gtest1@gmail.com]]>
              </value>
            </param>
            <param index="5">
              <value>
                <![CDATA[Hyd]]>
              </value>
            </param>
            <param index="6">
              <value>
                <![CDATA[Arizona [AZ]]]>
              </value>
            </param>
            <param index="7">
              <value>
                <![CDATA[Tel]]>
              </value>
            </param>
            <param index="8">
              <value>
                <![CDATA[524366]]>
              </value>
            </param>
            <param index="9">
              <value>
                <![CDATA[01/21/2018]]>
              </value>
            </param>
          </params>
          <reporter-output>
          </reporter-output>
        </test-method> <!-- createUser -->
      </class> <!-- learningTestNG.Vult_TestCases -->
    </test> <!-- Test -->
  </suite> <!-- Suite -->
</testng-results>
